<?xml version="1.0" encoding="UTF-8"?>
<!-- Generated by org.testng.reporters.JUnitReportReporter -->
<testsuite hostname="DESKTOP-2DC4B1N" failures="0" tests="1" name="Emplyoee.EmployeeUpdateProfile" time="14.327" errors="0" timestamp="2022-08-10T11:32:49 IST" skipped="0">
  <testcase classname="Emplyoee.EmployeeUpdateProfile" name="updateProfile" time="14.327"/>
  <system-out>
    <![CDATA[Data is updated successfully]]>
  </system-out>
</testsuite> <!-- Emplyoee.EmployeeUpdateProfile -->
