<?xml version="1.0" encoding="UTF-8"?>
<!-- Generated by org.testng.reporters.JUnitReportReporter -->
<testsuite hostname="DESKTOP-1TK4TSS" failures="0" tests="1" name="com.OnlineLeaveApplication.AddEmployee.AddEmployeeTest" time="6.353" errors="0" timestamp="2022-08-09T18:03:13 IST" skipped="0">
  <testcase classname="com.OnlineLeaveApplication.AddEmployee.AddEmployeeTest" name="addEmployeeDetails" time="6.353"/>
  <system-out/>
</testsuite> <!-- com.OnlineLeaveApplication.AddEmployee.AddEmployeeTest -->
