<?xml version="1.0" encoding="UTF-8"?>
<!-- Generated by org.testng.reporters.JUnitReportReporter -->
<testsuite hostname="DESKTOP-1TK4TSS" failures="0" tests="3" name="dataProvider.FetchDataProviderFromExcel" time="0.026" errors="0" timestamp="2022-08-05T16:13:49 IST" skipped="0">
  <testcase classname="dataProvider.FetchDataProviderFromExcel" name="print" time="0.008"/>
  <system-out/>
  <testcase classname="dataProvider.FetchDataProviderFromExcel" name="print" time="0.012"/>
  <system-out/>
  <testcase classname="dataProvider.FetchDataProviderFromExcel" name="print" time="0.006"/>
  <system-out/>
</testsuite> <!-- dataProvider.FetchDataProviderFromExcel -->
