<?xml version="1.0" encoding="UTF-8"?>
<!-- Generated by org.testng.reporters.JUnitReportReporter -->
<testsuite hostname="LAPTOP-IJLND83U" failures="0" tests="1" name="com.hr.admin.Adminmod2" time="2.989" errors="0" timestamp="2022-08-11T10:51:44 IST" skipped="0">
  <testcase classname="com.hr.admin.Adminmod2" name="UsersLeaveDetails" time="2.989"/>
  <system-out/>
</testsuite> <!-- com.hr.admin.Adminmod2 -->
