<?xml version="1.0" encoding="UTF-8"?>
<!-- Generated by org.testng.reporters.JUnitReportReporter -->
<testsuite hostname="LAPTOP-CF032BAC" failures="0" tests="1" name="LoginToApplication.loginToApplicationTest" time="1.277" errors="0" timestamp="2022-08-04T15:35:51 IST" skipped="0">
  <testcase classname="LoginToApplication.loginToApplicationTest" name="login" time="1.277"/>
  <system-out/>
</testsuite> <!-- LoginToApplication.loginToApplicationTest -->
