<?xml version="1.0" encoding="UTF-8"?>
<!-- Generated by org.testng.reporters.JUnitReportReporter -->
<testsuite hostname="LAPTOP-IJLND83U" failures="0" tests="1" name="com.hr.admin.Admin" time="3.278" errors="0" timestamp="2022-08-10T12:58:32 IST" skipped="0">
  <testcase classname="com.hr.admin.Admin" name="adminApplyForLeaveAndCheck" time="3.278"/>
  <system-out/>
</testsuite> <!-- com.hr.admin.Admin -->
