<?xml version="1.0" encoding="UTF-8"?>
<!-- Generated by org.testng.reporters.JUnitReportReporter -->
<testsuite hostname="DESKTOP-2DC4B1N" failures="0" tests="1" name="Emplyoee.applyForLeave" time="4.200" errors="0" timestamp="2022-08-09T17:34:58 IST" skipped="0">
  <testcase classname="Emplyoee.applyForLeave" name="leave" time="4.200"/>
  <system-out/>
</testsuite> <!-- Emplyoee.applyForLeave -->
