<?xml version="1.0" encoding="UTF-8"?>
<!-- Generated by org.testng.reporters.JUnitReportReporter -->
<testsuite hostname="Anupam" failures="0" tests="1" name="com.crm.adminApproveApplication.AdminApproveOrDeclineTheLeaveApplication" time="9.214" errors="0" timestamp="2022-08-04T18:34:26 IST" skipped="0">
  <testcase classname="com.crm.adminApproveApplication.AdminApproveOrDeclineTheLeaveApplication" name="adminApprovveLeaveApplication" time="9.214"/>
  <system-out/>
</testsuite> <!-- com.crm.adminApproveApplication.AdminApproveOrDeclineTheLeaveApplication -->
