<?xml version="1.0" encoding="UTF-8"?>
<!-- Generated by org.testng.reporters.JUnitReportReporter -->
<testsuite hostname="DESKTOP-1TK4TSS" failures="0" tests="3" name="dataProvider.DataProviderClass" time="0.025" errors="0" timestamp="2022-08-05T15:09:21 IST" skipped="0">
  <testcase classname="dataProvider.DataProviderClass" name="buyAccesseries" time="0.007"/>
  <system-out/>
  <testcase classname="dataProvider.DataProviderClass" name="buyAccesseries" time="0.014"/>
  <system-out/>
  <testcase classname="dataProvider.DataProviderClass" name="buyAccesseries" time="0.004"/>
  <system-out/>
</testsuite> <!-- dataProvider.DataProviderClass -->
