<?xml version="1.0" encoding="UTF-8"?>
<!-- Generated by org.testng.reporters.JUnitReportReporter -->
<testsuite hostname="DESKTOP-2DC4B1N" failures="0" tests="1" name="Emplyoee.EmployeeUpdateProfile" time="10.742" errors="0" timestamp="2022-08-09T18:23:41 IST" skipped="0">
  <testcase classname="Emplyoee.EmployeeUpdateProfile" name="updateProfile" time="10.742"/>
  <system-out/>
</testsuite> <!-- Emplyoee.EmployeeUpdateProfile -->
