<?xml version="1.0" encoding="UTF-8"?>
<!-- Generated by org.testng.reporters.JUnitReportReporter -->
<testsuite hostname="LAPTOP-IJLND83U" failures="0" tests="1" name="LoginToApplication.loginToApplicationTest" time="0.687" errors="0" timestamp="2022-08-04T15:51:01 IST" skipped="0">
  <testcase classname="LoginToApplication.loginToApplicationTest" name="login" time="0.687"/>
  <system-out/>
</testsuite> <!-- LoginToApplication.loginToApplicationTest -->
